0 info it worked if it ends with ok
1 verbose cli [ '/usr/local/bin/node', '/usr/local/bin/npm', 'run', 'test' ]
2 info using npm@3.8.9
3 info using node@v6.2.0
4 verbose run-script [ 'pretest', 'test', 'posttest' ]
5 info lifecycle karma-boilerplate@1.0.0~pretest: karma-boilerplate@1.0.0
6 silly lifecycle karma-boilerplate@1.0.0~pretest: no script for pretest, continuing
7 info lifecycle karma-boilerplate@1.0.0~test: karma-boilerplate@1.0.0
8 verbose lifecycle karma-boilerplate@1.0.0~test: unsafe-perm in lifecycle true
9 verbose lifecycle karma-boilerplate@1.0.0~test: PATH: /usr/local/lib/node_modules/npm/bin/node-gyp-bin:/home/steven/Dev/github/karma-boilerplate/node_modules/.bin:/usr/local/bin:/usr/local/sbin:/usr/local/bin:/usr/sbin:/usr/bin:/sbin:/bin:/usr/games:/usr/local/games:/snap/bin
10 verbose lifecycle karma-boilerplate@1.0.0~test: CWD: /home/steven/Dev/github/karma-boilerplate
11 silly lifecycle karma-boilerplate@1.0.0~test: Args: [ '-c', './node_modules/karma/bin/karma start karma.conf.js' ]
12 silly lifecycle karma-boilerplate@1.0.0~test: Returned: code: 1  signal: null
13 info lifecycle karma-boilerplate@1.0.0~test: Failed to exec test script
14 verbose stack Error: karma-boilerplate@1.0.0 test: `./node_modules/karma/bin/karma start karma.conf.js`
14 verbose stack Exit status 1
14 verbose stack     at EventEmitter.<anonymous> (/usr/local/lib/node_modules/npm/lib/utils/lifecycle.js:245:16)
14 verbose stack     at emitTwo (events.js:106:13)
14 verbose stack     at EventEmitter.emit (events.js:191:7)
14 verbose stack     at ChildProcess.<anonymous> (/usr/local/lib/node_modules/npm/lib/utils/spawn.js:24:14)
14 verbose stack     at emitTwo (events.js:106:13)
14 verbose stack     at ChildProcess.emit (events.js:191:7)
14 verbose stack     at maybeClose (internal/child_process.js:850:16)
14 verbose stack     at Process.ChildProcess._handle.onexit (internal/child_process.js:215:5)
15 verbose pkgid karma-boilerplate@1.0.0
16 verbose cwd /home/steven/Dev/github/karma-boilerplate
17 error Linux 4.4.0-34-generic
18 error argv "/usr/local/bin/node" "/usr/local/bin/npm" "run" "test"
19 error node v6.2.0
20 error npm  v3.8.9
21 error code ELIFECYCLE
22 error karma-boilerplate@1.0.0 test: `./node_modules/karma/bin/karma start karma.conf.js`
22 error Exit status 1
23 error Failed at the karma-boilerplate@1.0.0 test script './node_modules/karma/bin/karma start karma.conf.js'.
23 error Make sure you have the latest version of node.js and npm installed.
23 error If you do, this is most likely a problem with the karma-boilerplate package,
23 error not with npm itself.
23 error Tell the author that this fails on your system:
23 error     ./node_modules/karma/bin/karma start karma.conf.js
23 error You can get information on how to open an issue for this project with:
23 error     npm bugs karma-boilerplate
23 error Or if that isn't available, you can get their info via:
23 error     npm owner ls karma-boilerplate
23 error There is likely additional logging output above.
24 verbose exit [ 1, true ]
